#
# There is insufficient memory for the Java Runtime Environment to continue.
# Native memory allocation (malloc) failed to allocate 1203856 bytes for Chunk::new
# Possible reasons:
#   The system is out of physical RAM or swap space
#   The process is running with CompressedOops enabled, and the Java Heap may be blocking the growth of the native heap
# Possible solutions:
#   Reduce memory load on the system
#   Increase physical memory or swap space
#   Check if swap backing store is full
#   Decrease Java heap size (-Xmx/-Xms)
#   Decrease number of Java threads
#   Decrease Java thread stack sizes (-Xss)
#   Set larger code cache with -XX:ReservedCodeCacheSize=
#   JVM is running with Unscaled Compressed Oops mode in which the Java heap is
#     placed in the first 4GB address space. The Java Heap base address is the
#     maximum limit for the native heap growth. Please use -XX:HeapBaseMinAddress
#     to set the Java Heap base and to place the Java Heap above 4GB virtual address.
# This output file may be truncated or incomplete.
#
#  Out of Memory Error (allocation.cpp:389), pid=34408, tid=0x00000000000097b8
#
# JRE version: Java(TM) SE Runtime Environment (8.0_351-b10) (build 1.8.0_351-b10)
# Java VM: Java HotSpot(TM) 64-Bit Server VM (25.351-b10 mixed mode windows-amd64 compressed oops)
# Failed to write core dump. Minidumps are not enabled by default on client versions of Windows
#

---------------  T H R E A D  ---------------

Current thread (0x00000213ed677000):  JavaThread "C2 CompilerThread1" daemon [_thread_in_native, id=38840, stack(0x000000dd67500000,0x000000dd67600000)]

Stack: [0x000000dd67500000,0x000000dd67600000]
Native frames: (J=compiled Java code, j=interpreted, Vv=VM code, C=native code)
V  [jvm.dll+0x3300b9]
V  [jvm.dll+0x276632]
V  [jvm.dll+0x2772dd]
V  [jvm.dll+0x26dc85]
V  [jvm.dll+0xd584c]
V  [jvm.dll+0xd604c]
V  [jvm.dll+0x471a53]
V  [jvm.dll+0x4392c8]
V  [jvm.dll+0x442115]
V  [jvm.dll+0x4414d5]
V  [jvm.dll+0x42c27b]
V  [jvm.dll+0xac69b]
V  [jvm.dll+0xaacfb]
V  [jvm.dll+0x23ec62]
V  [jvm.dll+0x29330c]
C  [ucrtbase.dll+0x29363]
C  [KERNEL32.DLL+0x126ad]
C  [ntdll.dll+0x5a9f8]


Current CompileTask:
C2:  34996 2644   !   4       java.net.URLClassLoader$1::run (81 bytes)


---------------  P R O C E S S  ---------------

Java Threads: ( => current thread )
  0x00000213efd17000 JavaThread "ForkJoinPool.commonPool-worker-1" daemon [_thread_blocked, id=20024, stack(0x000000dd67d00000,0x000000dd67e00000)]
  0x00000213ef2f3000 JavaThread "ReaderThread" [_thread_in_native, id=37616, stack(0x000000dd67a00000,0x000000dd67b00000)]
  0x00000213ed6f1000 JavaThread "Service Thread" daemon [_thread_blocked, id=11244, stack(0x000000dd67700000,0x000000dd67800000)]
  0x00000213ed679800 JavaThread "C1 CompilerThread2" daemon [_thread_blocked, id=12452, stack(0x000000dd67600000,0x000000dd67700000)]
=>0x00000213ed677000 JavaThread "C2 CompilerThread1" daemon [_thread_in_native, id=38840, stack(0x000000dd67500000,0x000000dd67600000)]
  0x00000213ed65c800 JavaThread "C2 CompilerThread0" daemon [_thread_in_native, id=6724, stack(0x000000dd67400000,0x000000dd67500000)]
  0x00000213ed65a800 JavaThread "Attach Listener" daemon [_thread_blocked, id=25824, stack(0x000000dd67300000,0x000000dd67400000)]
  0x00000213ed657800 JavaThread "Signal Dispatcher" daemon [_thread_blocked, id=29012, stack(0x000000dd67200000,0x000000dd67300000)]
  0x00000213ed638000 JavaThread "Finalizer" daemon [_thread_blocked, id=35376, stack(0x000000dd67100000,0x000000dd67200000)]
  0x00000213ed62f800 JavaThread "Reference Handler" daemon [_thread_blocked, id=25204, stack(0x000000dd67000000,0x000000dd67100000)]
  0x00000213d869f000 JavaThread "main" [_thread_in_vm, id=516, stack(0x000000dd66a00000,0x000000dd66b00000)]

Other Threads:
  0x00000213ed607000 VMThread [stack: 0x000000dd66f00000,0x000000dd67000000] [id=27772]
  0x00000213ed713000 WatcherThread [stack: 0x000000dd67800000,0x000000dd67900000] [id=32572]

VM state:not at safepoint (normal execution)

VM Mutex/Monitor currently owned by a thread: None

heap address: 0x00000000a0e00000, size: 1522 MB, Compressed Oops mode: 32-bit
Narrow klass base: 0x0000000000000000, Narrow klass shift: 3
Compressed class space size: 1073741824 Address: 0x0000000100000000

Heap:
 PSYoungGen      total 52224K, used 19313K [0x00000000e0500000, 0x00000000e5980000, 0x0000000100000000)
  eden space 45056K, 27% used [0x00000000e0500000,0x00000000e10e33a8,0x00000000e3100000)
  from space 7168K, 99% used [0x00000000e3100000,0x00000000e37f92d8,0x00000000e3800000)
  to   space 8704K, 0% used [0x00000000e5100000,0x00000000e5100000,0x00000000e5980000)
 ParOldGen       total 42496K, used 7231K [0x00000000a0e00000, 0x00000000a3780000, 0x00000000e0500000)
  object space 42496K, 17% used [0x00000000a0e00000,0x00000000a150fdf8,0x00000000a3780000)
 Metaspace       used 30135K, capacity 31134K, committed 31360K, reserved 1077248K
  class space    used 3816K, capacity 4123K, committed 4224K, reserved 1048576K

Card table byte_map: [0x00000213e94d0000,0x00000213e97d0000] byte_map_base: 0x00000213e8fc9000

Marking Bits: (ParMarkBitMap*) 0x000000005d028fd0
 Begin Bits: [0x00000213e99d0000, 0x00000213eb198000)
 End Bits:   [0x00000213eb198000, 0x00000213ec960000)

Polling page: 0x00000213d8870000

CodeCache: size=245760Kb used=8766Kb max_used=8766Kb free=236993Kb
 bounds [0x00000213da110000, 0x00000213da9b0000, 0x00000213e9110000]
 total_blobs=3122 nmethods=2621 adapters=413
 compilation: enabled

Compilation events (10 events):
Event: 34.182 Thread 0x00000213ed679800 2641       3       jdk.internal.org.objectweb.asm.FieldWriter::put (472 bytes)
Event: 34.184 Thread 0x00000213ed679800 nmethod 2641 0x00000213da99e610 code [0x00000213da99e9c0, 0x00000213da99fca0]
Event: 34.189 Thread 0x00000213ed679800 2642   !   3       java.util.zip.ZipFile$ZipEntryIterator::hasNext (41 bytes)
Event: 34.190 Thread 0x00000213ed679800 nmethod 2642 0x00000213da9a0590 code [0x00000213da9a0700, 0x00000213da9a0b10]
Event: 34.336 Thread 0x00000213ed65c800 2643       4       java.net.URLClassLoader$1::run (5 bytes)
Event: 34.337 Thread 0x00000213ed677000 2644   !   4       java.net.URLClassLoader$1::run (81 bytes)
Event: 34.472 Thread 0x00000213ed679800 2645       3       sun.reflect.Reflection::filter (220 bytes)
Event: 34.473 Thread 0x00000213ed679800 nmethod 2645 0x00000213da9a2290 code [0x00000213da9a24a0, 0x00000213da9a3090]
Event: 34.473 Thread 0x00000213ed679800 2646       3       sun.reflect.ClassFileAssembler::getLength (11 bytes)
Event: 34.474 Thread 0x00000213ed679800 nmethod 2646 0x00000213da9a3710 code [0x00000213da9a3880, 0x00000213da9a3a98]

GC Heap History (10 events):
Event: 11.866 GC heap before
{Heap before GC invocations=6 (full 1):
 PSYoungGen      total 28160K, used 4084K [0x00000000e0500000, 0x00000000e2980000, 0x0000000100000000)
  eden space 24064K, 0% used [0x00000000e0500000,0x00000000e0500000,0x00000000e1c80000)
  from space 4096K, 99% used [0x00000000e1d00000,0x00000000e20fd3e0,0x00000000e2100000)
  to   space 6656K, 0% used [0x00000000e2300000,0x00000000e2300000,0x00000000e2980000)
 ParOldGen       total 65536K, used 4629K [0x00000000a0e00000, 0x00000000a4e00000, 0x00000000e0500000)
  object space 65536K, 7% used [0x00000000a0e00000,0x00000000a12857c0,0x00000000a4e00000)
 Metaspace       used 20542K, capacity 21166K, committed 21248K, reserved 1067008K
  class space    used 2551K, capacity 2749K, committed 2816K, reserved 1048576K
Event: 11.936 GC heap after
Heap after GC invocations=6 (full 1):
 PSYoungGen      total 28160K, used 0K [0x00000000e0500000, 0x00000000e2980000, 0x0000000100000000)
  eden space 24064K, 0% used [0x00000000e0500000,0x00000000e0500000,0x00000000e1c80000)
  from space 4096K, 0% used [0x00000000e1d00000,0x00000000e1d00000,0x00000000e2100000)
  to   space 6656K, 0% used [0x00000000e2300000,0x00000000e2300000,0x00000000e2980000)
 ParOldGen       total 42496K, used 5768K [0x00000000a0e00000, 0x00000000a3780000, 0x00000000e0500000)
  object space 42496K, 13% used [0x00000000a0e00000,0x00000000a13a22d0,0x00000000a3780000)
 Metaspace       used 20529K, capacity 21124K, committed 21248K, reserved 1067008K
  class space    used 2547K, capacity 2742K, committed 2816K, reserved 1048576K
}
Event: 13.484 GC heap before
{Heap before GC invocations=7 (full 1):
 PSYoungGen      total 28160K, used 24064K [0x00000000e0500000, 0x00000000e2980000, 0x0000000100000000)
  eden space 24064K, 100% used [0x00000000e0500000,0x00000000e1c80000,0x00000000e1c80000)
  from space 4096K, 0% used [0x00000000e1d00000,0x00000000e1d00000,0x00000000e2100000)
  to   space 6656K, 0% used [0x00000000e2300000,0x00000000e2300000,0x00000000e2980000)
 ParOldGen       total 42496K, used 5768K [0x00000000a0e00000, 0x00000000a3780000, 0x00000000e0500000)
  object space 42496K, 13% used [0x00000000a0e00000,0x00000000a13a22d0,0x00000000a3780000)
 Metaspace       used 22206K, capacity 22926K, committed 23040K, reserved 1069056K
  class space    used 2769K, capacity 2991K, committed 3072K, reserved 1048576K
Event: 13.492 GC heap after
Heap after GC invocations=7 (full 1):
 PSYoungGen      total 30208K, used 1938K [0x00000000e0500000, 0x00000000e3880000, 0x0000000100000000)
  eden space 23552K, 0% used [0x00000000e0500000,0x00000000e0500000,0x00000000e1c00000)
  from space 6656K, 29% used [0x00000000e2300000,0x00000000e24e4928,0x00000000e2980000)
  to   space 7168K, 0% used [0x00000000e1c00000,0x00000000e1c00000,0x00000000e2300000)
 ParOldGen       total 42496K, used 5776K [0x00000000a0e00000, 0x00000000a3780000, 0x00000000e0500000)
  object space 42496K, 13% used [0x00000000a0e00000,0x00000000a13a42d0,0x00000000a3780000)
 Metaspace       used 22206K, capacity 22926K, committed 23040K, reserved 1069056K
  class space    used 2769K, capacity 2991K, committed 3072K, reserved 1048576K
}
Event: 13.691 GC heap before
{Heap before GC invocations=8 (full 1):
 PSYoungGen      total 30208K, used 25490K [0x00000000e0500000, 0x00000000e3880000, 0x0000000100000000)
  eden space 23552K, 100% used [0x00000000e0500000,0x00000000e1c00000,0x00000000e1c00000)
  from space 6656K, 29% used [0x00000000e2300000,0x00000000e24e4928,0x00000000e2980000)
  to   space 7168K, 0% used [0x00000000e1c00000,0x00000000e1c00000,0x00000000e2300000)
 ParOldGen       total 42496K, used 5776K [0x00000000a0e00000, 0x00000000a3780000, 0x00000000e0500000)
  object space 42496K, 13% used [0x00000000a0e00000,0x00000000a13a42d0,0x00000000a3780000)
 Metaspace       used 22206K, capacity 22926K, committed 23040K, reserved 1069056K
  class space    used 2769K, capacity 2991K, committed 3072K, reserved 1048576K
Event: 13.737 GC heap after
Heap after GC invocations=8 (full 1):
 PSYoungGen      total 30720K, used 1476K [0x00000000e0500000, 0x00000000e4000000, 0x0000000100000000)
  eden space 23552K, 0% used [0x00000000e0500000,0x00000000e0500000,0x00000000e1c00000)
  from space 7168K, 20% used [0x00000000e1c00000,0x00000000e1d71288,0x00000000e2300000)
  to   space 7680K, 0% used [0x00000000e3880000,0x00000000e3880000,0x00000000e4000000)
 ParOldGen       total 42496K, used 5776K [0x00000000a0e00000, 0x00000000a3780000, 0x00000000e0500000)
  object space 42496K, 13% used [0x00000000a0e00000,0x00000000a13a42d0,0x00000000a3780000)
 Metaspace       used 22206K, capacity 22926K, committed 23040K, reserved 1069056K
  class space    used 2769K, capacity 2991K, committed 3072K, reserved 1048576K
}
Event: 14.703 GC heap before
{Heap before GC invocations=9 (full 1):
 PSYoungGen      total 30720K, used 25028K [0x00000000e0500000, 0x00000000e4000000, 0x0000000100000000)
  eden space 23552K, 100% used [0x00000000e0500000,0x00000000e1c00000,0x00000000e1c00000)
  from space 7168K, 20% used [0x00000000e1c00000,0x00000000e1d71288,0x00000000e2300000)
  to   space 7680K, 0% used [0x00000000e3880000,0x00000000e3880000,0x00000000e4000000)
 ParOldGen       total 42496K, used 5776K [0x00000000a0e00000, 0x00000000a3780000, 0x00000000e0500000)
  object space 42496K, 13% used [0x00000000a0e00000,0x00000000a13a42d0,0x00000000a3780000)
 Metaspace       used 23968K, capacity 24744K, committed 25088K, reserved 1071104K
  class space    used 3000K, capacity 3228K, committed 3328K, reserved 1048576K
Event: 14.780 GC heap after
Heap after GC invocations=9 (full 1):
 PSYoungGen      total 51712K, used 3329K [0x00000000e0500000, 0x00000000e3f00000, 0x0000000100000000)
  eden space 45056K, 0% used [0x00000000e0500000,0x00000000e0500000,0x00000000e3100000)
  from space 6656K, 50% used [0x00000000e3880000,0x00000000e3bc04a8,0x00000000e3f00000)
  to   space 7168K, 0% used [0x00000000e3100000,0x00000000e3100000,0x00000000e3800000)
 ParOldGen       total 42496K, used 5784K [0x00000000a0e00000, 0x00000000a3780000, 0x00000000e0500000)
  object space 42496K, 13% used [0x00000000a0e00000,0x00000000a13a62d0,0x00000000a3780000)
 Metaspace       used 23968K, capacity 24744K, committed 25088K, reserved 1071104K
  class space    used 3000K, capacity 3228K, committed 3328K, reserved 1048576K
}
Event: 32.477 GC heap before
{Heap before GC invocations=10 (full 1):
 PSYoungGen      total 51712K, used 48385K [0x00000000e0500000, 0x00000000e3f00000, 0x0000000100000000)
  eden space 45056K, 100% used [0x00000000e0500000,0x00000000e3100000,0x00000000e3100000)
  from space 6656K, 50% used [0x00000000e3880000,0x00000000e3bc04a8,0x00000000e3f00000)
  to   space 7168K, 0% used [0x00000000e3100000,0x00000000e3100000,0x00000000e3800000)
 ParOldGen       total 42496K, used 5784K [0x00000000a0e00000, 0x00000000a3780000, 0x00000000e0500000)
  object space 42496K, 13% used [0x00000000a0e00000,0x00000000a13a62d0,0x00000000a3780000)
 Metaspace       used 28536K, capacity 29442K, committed 29824K, reserved 1075200K
  class space    used 3555K, capacity 3849K, committed 3968K, reserved 1048576K
Event: 32.580 GC heap after
Heap after GC invocations=10 (full 1):
 PSYoungGen      total 52224K, used 7140K [0x00000000e0500000, 0x00000000e5980000, 0x0000000100000000)
  eden space 45056K, 0% used [0x00000000e0500000,0x00000000e0500000,0x00000000e3100000)
  from space 7168K, 99% used [0x00000000e3100000,0x00000000e37f92d8,0x00000000e3800000)
  to   space 8704K, 0% used [0x00000000e5100000,0x00000000e5100000,0x00000000e5980000)
 ParOldGen       total 42496K, used 7231K [0x00000000a0e00000, 0x00000000a3780000, 0x00000000e0500000)
  object space 42496K, 17% used [0x00000000a0e00000,0x00000000a150fdf8,0x00000000a3780000)
 Metaspace       used 28536K, capacity 29442K, committed 29824K, reserved 1075200K
  class space    used 3555K, capacity 3849K, committed 3968K, reserved 1048576K
}

Deoptimization events (10 events):
Event: 18.431 Thread 0x00000213d869f000 Uncommon trap: reason=bimorphic action=maybe_recompile pc=0x00000213da7e71c0 method=java.util.Hashtable.get(Ljava/lang/Object;)Ljava/lang/Object; @ 6
Event: 18.431 Thread 0x00000213d869f000 Uncommon trap: reason=bimorphic action=maybe_recompile pc=0x00000213da7e71c0 method=java.util.Hashtable.get(Ljava/lang/Object;)Ljava/lang/Object; @ 6
Event: 18.613 Thread 0x00000213d869f000 Uncommon trap: reason=unstable_if action=reinterpret pc=0x00000213da8711d0 method=java.io.ByteArrayInputStream.read()I @ 8
Event: 31.181 Thread 0x00000213d869f000 Uncommon trap: reason=unstable_if action=reinterpret pc=0x00000213da944e30 method=java.lang.Character.isSurrogate(C)Z @ 3
Event: 31.181 Thread 0x00000213d869f000 Uncommon trap: reason=unstable_if action=reinterpret pc=0x00000213da9421c0 method=java.lang.Character.isSurrogate(C)Z @ 3
Event: 32.161 Thread 0x00000213d869f000 Uncommon trap: reason=predicate action=maybe_recompile pc=0x00000213da961d3c method=java.util.Properties.load0(Ljava/util/Properties$LineReader;)V @ 15
Event: 33.551 Thread 0x00000213d869f000 Uncommon trap: reason=unstable_if action=reinterpret pc=0x00000213da506de4 method=java.io.WinNTFileSystem.normalize(Ljava/lang/String;)Ljava/lang/String; @ 74
Event: 33.566 Thread 0x00000213d869f000 Uncommon trap: reason=unstable_if action=reinterpret pc=0x00000213da2144e4 method=java.io.WinNTFileSystem.prefixLength(Ljava/lang/String;)I @ 42
Event: 33.656 Thread 0x00000213d869f000 Uncommon trap: reason=unstable_if action=reinterpret pc=0x00000213da5f1b3c method=java.net.URLStreamHandler.parseURL(Ljava/net/URL;Ljava/lang/String;II)V @ 690
Event: 34.181 Thread 0x00000213d869f000 Uncommon trap: reason=unstable_if action=reinterpret pc=0x00000213da820e78 method=java.lang.Integer.parseInt(Ljava/lang/String;I)I @ 122

Classes redefined (0 events):
No events

Internal exceptions (10 events):
Event: 6.851 Thread 0x00000213d869f000 Exception <a 'java/lang/ClassNotFoundException': org/apache/log4j/RollingFileAppenderCustomizer> (0x00000000e1c52168) thrown at [C:\jenkins\workspace\8-2-build-windows-x64-cygwin\jdk8u351\2908\hotspot\src\share\vm\classfile\systemDictionary.cpp, line 212]
Event: 7.236 Thread 0x00000213d869f000 Exception <a 'java/lang/IncompatibleClassChangeError': Found class java.lang.Object, but interface was expected> (0x00000000e0c41bd0) thrown at [C:\jenkins\workspace\8-2-build-windows-x64-cygwin\jdk8u351\2908\hotspot\src\share\vm\interpreter\linkResolver.
Event: 12.594 Thread 0x00000213d869f000 Implicit null exception at 0x00000213da52b43b to 0x00000213da52ba01
Event: 32.956 Thread 0x00000213d869f000 Exception <a 'java/lang/NoSuchMethodError': java.lang.Object.lambda$static$0()Ljava/lang/String;> (0x00000000e0688ff8) thrown at [C:\jenkins\workspace\8-2-build-windows-x64-cygwin\jdk8u351\2908\hotspot\src\share\vm\interpreter\linkResolver.cpp, line 620]
Event: 32.957 Thread 0x00000213d869f000 Exception <a 'java/lang/NoSuchMethodError': java.lang.Object.lambda$static$1()Ljava/lang/String;> (0x00000000e0691538) thrown at [C:\jenkins\workspace\8-2-build-windows-x64-cygwin\jdk8u351\2908\hotspot\src\share\vm\interpreter\linkResolver.cpp, line 620]
Event: 32.958 Thread 0x00000213d869f000 Exception <a 'java/lang/NoSuchMethodError': java.lang.Object.lambda$static$2()Ljava/lang/String;> (0x00000000e0693718) thrown at [C:\jenkins\workspace\8-2-build-windows-x64-cygwin\jdk8u351\2908\hotspot\src\share\vm\interpreter\linkResolver.cpp, line 620]
Event: 32.959 Thread 0x00000213d869f000 Exception <a 'java/lang/NoSuchMethodError': java.lang.Object.lambda$static$3()Ljava/lang/String;> (0x00000000e06958f8) thrown at [C:\jenkins\workspace\8-2-build-windows-x64-cygwin\jdk8u351\2908\hotspot\src\share\vm\interpreter\linkResolver.cpp, line 620]
Event: 33.863 Thread 0x00000213d869f000 Exception <a 'java/lang/NoSuchMethodError': java.lang.Object.lambda$create$0(Lorg/openqa/selenium/remote/http/HttpClient$Factory;)Z> (0x00000000e0b922a8) thrown at [C:\jenkins\workspace\8-2-build-windows-x64-cygwin\jdk8u351\2908\hotspot\src\share\vm\inter
Event: 33.865 Thread 0x00000213d869f000 Exception <a 'java/lang/NoSuchMethodError': java.lang.Object.lambda$create$1(Ljava/lang/String;Lorg/openqa/selenium/remote/http/HttpClient$Factory;)Z> (0x00000000e0b95510) thrown at [C:\jenkins\workspace\8-2-build-windows-x64-cygwin\jdk8u351\2908\hotspot\
Event: 34.327 Thread 0x00000213d869f000 Exception <a 'java/lang/NoClassDefFoundError'> (0x00000000e103b118) thrown at [C:\jenkins\workspace\8-2-build-windows-x64-cygwin\jdk8u351\2908\hotspot\src\share\vm\oops\instanceKlass.cpp, line 959]

Events (10 events):
Event: 34.333 loading class org/apache/logging/log4j/spi/ExtendedLoggerWrapper
Event: 34.333 loading class org/apache/logging/log4j/spi/ExtendedLoggerWrapper done
Event: 34.336 loading class io/netty/util/internal/logging/Log4J2Logger$1
Event: 34.336 loading class io/netty/util/internal/logging/Log4J2Logger$1 done
Event: 34.427 loading class org/apache/logging/log4j/util/MessageSupplier
Event: 34.427 loading class org/apache/logging/log4j/util/MessageSupplier done
Event: 34.444 loading class org/apache/logging/log4j/util/StackLocatorUtil
Event: 34.444 loading class org/apache/logging/log4j/util/StackLocatorUtil done
Event: 34.453 loading class org/apache/logging/log4j/util/StackLocator
Event: 34.454 loading class org/apache/logging/log4j/util/StackLocator done


Dynamic libraries:
0x00007ff7df150000 - 0x00007ff7df197000 	C:\Program Files\Java\jdk1.8.0_351\bin\javaw.exe
0x00007ffa0e2f0000 - 0x00007ffa0e504000 	C:\WINDOWS\SYSTEM32\ntdll.dll
0x00007ffa0c840000 - 0x00007ffa0c902000 	C:\WINDOWS\System32\KERNEL32.DLL
0x00007ffa0b920000 - 0x00007ffa0bcc3000 	C:\WINDOWS\System32\KERNELBASE.dll
0x00007ffa0c990000 - 0x00007ffa0ca3e000 	C:\WINDOWS\System32\ADVAPI32.dll
0x00007ffa0d610000 - 0x00007ffa0d6b7000 	C:\WINDOWS\System32\msvcrt.dll
0x00007ffa0e200000 - 0x00007ffa0e2a4000 	C:\WINDOWS\System32\sechost.dll
0x00007ffa0cb40000 - 0x00007ffa0cc57000 	C:\WINDOWS\System32\RPCRT4.dll
0x00007ffa0d460000 - 0x00007ffa0d60b000 	C:\WINDOWS\System32\USER32.dll
0x00007ffa0c0a0000 - 0x00007ffa0c0c6000 	C:\WINDOWS\System32\win32u.dll
0x00007ffa0c590000 - 0x00007ffa0c5b9000 	C:\WINDOWS\System32\GDI32.dll
0x00007ffa0b6f0000 - 0x00007ffa0b809000 	C:\WINDOWS\System32\gdi32full.dll
0x00007ffa0b810000 - 0x00007ffa0b8aa000 	C:\WINDOWS\System32\msvcp_win.dll
0x00007ffa0bf80000 - 0x00007ffa0c091000 	C:\WINDOWS\System32\ucrtbase.dll
0x00007ff9f4d70000 - 0x00007ff9f4ffe000 	C:\WINDOWS\WinSxS\amd64_microsoft.windows.common-controls_6595b64144ccf1df_6.0.22621.1635_none_270f70857386168e\COMCTL32.dll
0x00007ffa0c1c0000 - 0x00007ffa0c1f1000 	C:\WINDOWS\System32\IMM32.DLL
0x00007ff9fc630000 - 0x00007ff9fc645000 	C:\Program Files\Java\jdk1.8.0_351\jre\bin\vcruntime140.dll
0x00007ff9c4380000 - 0x00007ff9c441b000 	C:\Program Files\Java\jdk1.8.0_351\jre\bin\msvcp140.dll
0x000000005c840000 - 0x000000005d0a1000 	C:\Program Files\Java\jdk1.8.0_351\jre\bin\server\jvm.dll
0x00007ffa0e110000 - 0x00007ffa0e118000 	C:\WINDOWS\System32\PSAPI.DLL
0x00007ff9f4540000 - 0x00007ff9f4549000 	C:\WINDOWS\SYSTEM32\WSOCK32.dll
0x00007ffa0e090000 - 0x00007ffa0e101000 	C:\WINDOWS\System32\WS2_32.dll
0x00007ffa04b20000 - 0x00007ffa04b54000 	C:\WINDOWS\SYSTEM32\WINMM.dll
0x00007ffa04180000 - 0x00007ffa0418a000 	C:\WINDOWS\SYSTEM32\VERSION.dll
0x00007ffa0a740000 - 0x00007ffa0a758000 	C:\WINDOWS\SYSTEM32\kernel.appcore.dll
0x00007ffa05320000 - 0x00007ffa05330000 	C:\Program Files\Java\jdk1.8.0_351\jre\bin\verify.dll
0x00007ff9fc3b0000 - 0x00007ff9fc3db000 	C:\Program Files\Java\jdk1.8.0_351\jre\bin\java.dll
0x00007ff9fbc20000 - 0x00007ff9fbc38000 	C:\Program Files\Java\jdk1.8.0_351\jre\bin\zip.dll
0x00007ffa0cc60000 - 0x00007ffa0d45a000 	C:\WINDOWS\System32\SHELL32.dll
0x00007ffa096f0000 - 0x00007ffa09fbe000 	C:\WINDOWS\SYSTEM32\windows.storage.dll
0x00007ffa0d880000 - 0x00007ffa0dc09000 	C:\WINDOWS\System32\combase.dll
0x00007ffa095b0000 - 0x00007ffa096ee000 	C:\WINDOWS\SYSTEM32\wintypes.dll
0x00007ffa0ca40000 - 0x00007ffa0cb31000 	C:\WINDOWS\System32\SHCORE.dll
0x00007ffa0c390000 - 0x00007ffa0c3ee000 	C:\WINDOWS\System32\shlwapi.dll
0x00007ffa0b620000 - 0x00007ffa0b641000 	C:\WINDOWS\SYSTEM32\profapi.dll
0x00007ff9f4070000 - 0x00007ff9f408c000 	C:\Program Files\Java\jdk1.8.0_351\jre\bin\net.dll
0x00007ffa0abb0000 - 0x00007ffa0ac19000 	C:\WINDOWS\system32\mswsock.dll
0x00007ffa0a290000 - 0x00007ffa0a383000 	C:\WINDOWS\SYSTEM32\DNSAPI.dll
0x00007ffa0a220000 - 0x00007ffa0a24d000 	C:\WINDOWS\SYSTEM32\IPHLPAPI.DLL
0x00007ffa0c5c0000 - 0x00007ffa0c5c9000 	C:\WINDOWS\System32\NSI.dll
0x00007ffa00c80000 - 0x00007ffa00c8a000 	C:\Windows\System32\rasadhlp.dll
0x00007ffa04280000 - 0x00007ffa04304000 	C:\WINDOWS\System32\fwpuclnt.dll
0x00007ffa0ae20000 - 0x00007ffa0ae3b000 	C:\WINDOWS\SYSTEM32\CRYPTSP.dll
0x00007ffa0a6b0000 - 0x00007ffa0a6e5000 	C:\WINDOWS\system32\rsaenh.dll
0x00007ffa0acb0000 - 0x00007ffa0acd8000 	C:\WINDOWS\SYSTEM32\USERENV.dll
0x00007ffa0afd0000 - 0x00007ffa0aff8000 	C:\WINDOWS\SYSTEM32\bcrypt.dll
0x00007ffa0bcd0000 - 0x00007ffa0bd4b000 	C:\WINDOWS\System32\bcryptprimitives.dll
0x00007ffa0ae10000 - 0x00007ffa0ae1c000 	C:\WINDOWS\SYSTEM32\CRYPTBASE.dll
0x00007ffa04eb0000 - 0x00007ffa04ec9000 	C:\WINDOWS\SYSTEM32\dhcpcsvc6.DLL
0x00007ffa04d50000 - 0x00007ffa04d6f000 	C:\WINDOWS\SYSTEM32\dhcpcsvc.DLL
0x00007ff9e7180000 - 0x00007ff9e7193000 	C:\Program Files\Java\jdk1.8.0_351\jre\bin\nio.dll
0x00007ffa04ad0000 - 0x00007ffa04add000 	C:\Program Files\Java\jdk1.8.0_351\jre\bin\management.dll
0x00007ff9f4380000 - 0x00007ff9f4397000 	C:\WINDOWS\system32\napinsp.dll
0x00007ff9f4360000 - 0x00007ff9f437b000 	C:\WINDOWS\system32\pnrpnsp.dll
0x00007ff9f4340000 - 0x00007ff9f4351000 	C:\WINDOWS\System32\winrnr.dll
0x00007ffa04700000 - 0x00007ffa04715000 	C:\WINDOWS\system32\wshbth.dll
0x00007ff9f42b0000 - 0x00007ff9f42d1000 	C:\WINDOWS\system32\nlansp_c.dll
0x00007ff9e7090000 - 0x00007ff9e70b4000 	C:\Program Files\Java\jdk1.8.0_351\jre\bin\sunec.dll
0x00007ff9fb900000 - 0x00007ff9fbb2e000 	C:\WINDOWS\SYSTEM32\dbghelp.dll
0x00007ffa0e120000 - 0x00007ffa0e1f7000 	C:\WINDOWS\System32\OLEAUT32.dll

VM Arguments:
jvm_args: -ea -DappURL=http://192.168.1.10:2013/OrderExecution/ -Dfile.encoding=Cp1252 
java_command: org.testng.remote.RemoteTestNG -serport 49205 -protocol json -d C:\Users\USER\git\DCPLProjectOrderExecution\DCPLProjectOrderExecution\test-output C:\Users\USER\git\DCPLProjectOrderExecution\DCPLProjectOrderExecution\testng_regression.xml
java_class_path (initial): C:\Users\USER\eclipse\java-2021-12\eclipse\configuration\org.eclipse.osgi\432\0\.cp\lib\testng-remote.jar;C:\Users\USER\git\DCPLProjectOrderExecution\DCPLProjectOrderExecution\target\test-classes;C:\Users\USER\git\DCPLProjectOrderExecution\DCPLProjectOrderExecution\target\classes;C:\Users\USER\.m2\repository\junit\junit\4.13.2\junit-4.13.2.jar;C:\Users\USER\.m2\repository\org\hamcrest\hamcrest-core\1.3\hamcrest-core-1.3.jar;C:\Users\USER\.m2\repository\org\seleniumhq\selenium\selenium-java\4.8.0\selenium-java-4.8.0.jar;C:\Users\USER\.m2\repository\org\seleniumhq\selenium\selenium-api\4.8.0\selenium-api-4.8.0.jar;C:\Users\USER\.m2\repository\org\seleniumhq\selenium\selenium-chrome-driver\4.8.0\selenium-chrome-driver-4.8.0.jar;C:\Users\USER\.m2\repository\com\google\auto\service\auto-service-annotations\1.0.1\auto-service-annotations-1.0.1.jar;C:\Users\USER\.m2\repository\com\google\auto\service\auto-service\1.0.1\auto-service-1.0.1.jar;C:\Users\USER\.m2\repository\com\google\auto\auto-common\1.2\auto-common-1.2.jar;C:\Users\USER\.m2\repository\com\google\guava\guava\31.1-jre\guava-31.1-jre.jar;C:\Users\USER\.m2\repository\com\google\guava\failureaccess\1.0.1\failureaccess-1.0.1.jar;C:\Users\USER\.m2\repository\com\google\guava\listenablefuture\9999.0-empty-to-avoid-conflict-with-guava\listenablefuture-9999.0-empty-to-avoid-conflict-with-guava.jar;C:\Users\USER\.m2\repository\org\checkerframework\checker-qual\3.12.0\checker-qual-3.12.0.jar;C:\Users\USER\.m2\repository\com\google\errorprone\error_prone_annotations\2.11.0\error_prone_annotations-2.11.0.jar;C:\Users\USER\.m2\repository\com\google\j2objc\j2objc-annotations\1.3\j2objc-annotations-1.3.jar;C:\Users\USER\.m2\repository\org\seleniumhq\selenium\selenium-chromium-driver\4.8.0\selenium-chromium-driver-4.8.0.jar;C:\Users\USER\.m2\repository\org\seleniumhq\selenium\selenium-json\4.8.0\selenium-json-4.8.0.jar;C:\Users\USER\.m2\repository\org\seleniumhq\selenium\selenium-devtools-v107\4.8
Launcher Type: SUN_STANDARD

Environment Variables:
JAVA_HOME=C:\Program Files\Java\jdk-11.0.14\
PATH=C:/Users/USER/.p2/pool/plugins/org.eclipse.justj.openjdk.hotspot.jre.full.win32.x86_64_17.0.1.v20211116-1657/jre/bin/server;C:/Users/USER/.p2/pool/plugins/org.eclipse.justj.openjdk.hotspot.jre.full.win32.x86_64_17.0.1.v20211116-1657/jre/bin;C:\Program Files\Common Files\Oracle\Java\javapath;C:\Program Files (x86)\Common Files\Oracle\Java\javapath;C:\WINDOWS\System32\WindowsPowerShell\v1.0\;C:\app\USER\product\21c\dbhomeXE\bin;C:\WINDOWS\system32;C:\WINDOWS;C:\WINDOWS\System32\Wbem;C:\WINDOWS\System32\OpenSSH\;C:\apache-maven-3.8.5\bin;C:\apache-maven-3.8.5\\bin;C:\Program Files\Git\cmd;C:\Program Files\Java\jdk-11.0.14\bin;C:\Program Files\nodejs\;C:\Program Files\nodejs\node_modules;C:\Program Files\Java\jdk-11.0.14\lib;C:\Program Files\MySQL\MySQL Shell 8.0\bin\;C:\Users\USER\AppData\Local\Microsoft\WindowsApps;;C:\Users\USER\AppData\Local\Programs\Microsoft VS Code\bin;C:\Users\USER\AppData\Roaming\npm;C:\Users\USER\OneDrive\Desktop;
USERNAME=USER
OS=Windows_NT
PROCESSOR_IDENTIFIER=AMD64 Family 23 Model 24 Stepping 1, AuthenticAMD



---------------  S Y S T E M  ---------------

OS: Windows 11 , 64 bit Build 22621 (10.0.22621.1778)

CPU:total 4 (initial active 4) (4 cores per cpu, 1 threads per core) family 23 model 24 stepping 1, cmov, cx8, fxsr, mmx, sse, sse2, sse3, ssse3, sse4.1, sse4.2, popcnt, avx, avx2, aes, clmul, mmxext, 3dnowpref, lzcnt, sse4a, tsc, tscinvbit, tscinv, bmi1

Memory: 4k page, physical 6232908k(82552k free), swap 25107276k(5656k free)

vm_info: Java HotSpot(TM) 64-Bit Server VM (25.351-b10) for windows-amd64 JRE (1.8.0_351-b10), built on Sep 15 2022 02:58:06 by "java_re" with MS VC++ 15.9 (VS2017)

time: Tue Jul 11 15:00:09 2023
timezone: India Standard Time
elapsed time: 35.004966 seconds (0d 0h 0m 35s)

